<?xml version="1.0" encoding="UTF-8"?>
<!-- Generated by org.testng.reporters.JUnitReportReporter -->
<testsuite hostname="LAPTOP-VJBP38MC" name="firstTestNGProgram.TestNGExample" tests="1" failures="0" timestamp="14 Aug 2019 04:59:37 GMT" time="0.019" errors="0">
  <testcase name="testPrintMessage" time="0.019" classname="firstTestNGProgram.TestNGExample"/>
</testsuite> <!-- firstTestNGProgram.TestNGExample -->
